[0.498s] DEBUG:colcon:Command line arguments: ['/usr/bin/colcon', 'build']
[0.499s] DEBUG:colcon:Parsed command line arguments: Namespace(log_base=None, log_level=None, verb_name='build', build_base='build', install_base='install', merge_install=False, symlink_install=False, test_result_base=None, continue_on_error=False, executor='parallel', parallel_workers=4, event_handlers=None, ignore_user_meta=False, metas=['./colcon.meta'], base_paths=['.'], packages_ignore=None, packages_ignore_regex=None, paths=None, packages_up_to=None, packages_up_to_regex=None, packages_above=None, packages_above_and_dependencies=None, packages_above_depth=None, packages_select_by_dep=None, packages_skip_by_dep=None, packages_skip_up_to=None, packages_select_build_failed=False, packages_skip_build_finished=False, packages_select_test_failures=False, packages_skip_test_passed=False, packages_select=None, packages_skip=None, packages_select_regex=None, packages_skip_regex=None, packages_start=None, packages_end=None, allow_overriding=[], cmake_args=None, cmake_target=None, cmake_target_skip_unavailable=False, cmake_clean_cache=False, cmake_clean_first=False, cmake_force_configure=False, ament_cmake_args=None, catkin_cmake_args=None, catkin_skip_building_tests=False, mixin_files=None, mixin=None, verb_parser=<colcon_mixin.mixin.mixin_argument.MixinArgumentDecorator object at 0xffffbc9fb520>, verb_extension=<colcon_core.verb.build.BuildVerb object at 0xffffbcbd0490>, main=<bound method BuildVerb.main of <colcon_core.verb.build.BuildVerb object at 0xffffbcbd0490>>, mixin_verb=('build',))
[1.387s] Level 1:colcon.colcon_core.package_discovery:discover_packages(colcon_meta) check parameters
[1.388s] Level 1:colcon.colcon_core.package_discovery:discover_packages(recursive) check parameters
[1.388s] Level 1:colcon.colcon_core.package_discovery:discover_packages(ignore) check parameters
[1.388s] Level 1:colcon.colcon_core.package_discovery:discover_packages(path) check parameters
[1.388s] Level 1:colcon.colcon_core.package_discovery:discover_packages(colcon_meta) discover
[1.389s] Level 1:colcon.colcon_core.package_discovery:discover_packages(recursive) discover
[1.389s] INFO:colcon.colcon_core.package_discovery:Crawling recursively for packages in '/home/kate/lidar_ws'
[1.389s] Level 1:colcon.colcon_core.package_identification:_identify(.) by extensions ['ignore', 'ignore_ament_install']
[1.389s] Level 1:colcon.colcon_core.package_identification:_identify(.) by extension 'ignore'
[1.390s] Level 1:colcon.colcon_core.package_identification:_identify(.) by extension 'ignore_ament_install'
[1.390s] Level 1:colcon.colcon_core.package_identification:_identify(.) by extensions ['colcon_pkg']
[1.390s] Level 1:colcon.colcon_core.package_identification:_identify(.) by extension 'colcon_pkg'
[1.390s] Level 1:colcon.colcon_core.package_identification:_identify(.) by extensions ['colcon_meta']
[1.390s] Level 1:colcon.colcon_core.package_identification:_identify(.) by extension 'colcon_meta'
[1.391s] Level 1:colcon.colcon_core.package_identification:_identify(.) by extensions ['ros']
[1.391s] Level 1:colcon.colcon_core.package_identification:_identify(.) by extension 'ros'
[1.434s] Level 1:colcon.colcon_core.package_identification:_identify(.) by extensions ['cmake', 'python']
[1.435s] Level 1:colcon.colcon_core.package_identification:_identify(.) by extension 'cmake'
[1.435s] Level 1:colcon.colcon_core.package_identification:_identify(.) by extension 'python'
[1.435s] Level 1:colcon.colcon_core.package_identification:_identify(.) by extensions ['python_setup_py']
[1.435s] Level 1:colcon.colcon_core.package_identification:_identify(.) by extension 'python_setup_py'
[1.436s] Level 1:colcon.colcon_core.package_identification:_identify(build) by extensions ['ignore', 'ignore_ament_install']
[1.436s] Level 1:colcon.colcon_core.package_identification:_identify(build) by extension 'ignore'
[1.436s] Level 1:colcon.colcon_core.package_identification:_identify(build) ignored
[1.437s] Level 1:colcon.colcon_core.package_identification:_identify(install) by extensions ['ignore', 'ignore_ament_install']
[1.437s] Level 1:colcon.colcon_core.package_identification:_identify(install) by extension 'ignore'
[1.437s] Level 1:colcon.colcon_core.package_identification:_identify(install) ignored
[1.438s] Level 1:colcon.colcon_core.package_identification:_identify(log) by extensions ['ignore', 'ignore_ament_install']
[1.438s] Level 1:colcon.colcon_core.package_identification:_identify(log) by extension 'ignore'
[1.438s] Level 1:colcon.colcon_core.package_identification:_identify(log) ignored
[1.438s] Level 1:colcon.colcon_core.package_identification:_identify(src) by extensions ['ignore', 'ignore_ament_install']
[1.439s] Level 1:colcon.colcon_core.package_identification:_identify(src) by extension 'ignore'
[1.439s] Level 1:colcon.colcon_core.package_identification:_identify(src) by extension 'ignore_ament_install'
[1.439s] Level 1:colcon.colcon_core.package_identification:_identify(src) by extensions ['colcon_pkg']
[1.439s] Level 1:colcon.colcon_core.package_identification:_identify(src) by extension 'colcon_pkg'
[1.439s] Level 1:colcon.colcon_core.package_identification:_identify(src) by extensions ['colcon_meta']
[1.440s] Level 1:colcon.colcon_core.package_identification:_identify(src) by extension 'colcon_meta'
[1.440s] Level 1:colcon.colcon_core.package_identification:_identify(src) by extensions ['ros']
[1.440s] Level 1:colcon.colcon_core.package_identification:_identify(src) by extension 'ros'
[1.440s] Level 1:colcon.colcon_core.package_identification:_identify(src) by extensions ['cmake', 'python']
[1.440s] Level 1:colcon.colcon_core.package_identification:_identify(src) by extension 'cmake'
[1.441s] Level 1:colcon.colcon_core.package_identification:_identify(src) by extension 'python'
[1.441s] Level 1:colcon.colcon_core.package_identification:_identify(src) by extensions ['python_setup_py']
[1.441s] Level 1:colcon.colcon_core.package_identification:_identify(src) by extension 'python_setup_py'
[1.441s] Level 1:colcon.colcon_core.package_identification:_identify(src/rplidar_ros) by extensions ['ignore', 'ignore_ament_install']
[1.442s] Level 1:colcon.colcon_core.package_identification:_identify(src/rplidar_ros) by extension 'ignore'
[1.442s] Level 1:colcon.colcon_core.package_identification:_identify(src/rplidar_ros) by extension 'ignore_ament_install'
[1.442s] Level 1:colcon.colcon_core.package_identification:_identify(src/rplidar_ros) by extensions ['colcon_pkg']
[1.442s] Level 1:colcon.colcon_core.package_identification:_identify(src/rplidar_ros) by extension 'colcon_pkg'
[1.442s] Level 1:colcon.colcon_core.package_identification:_identify(src/rplidar_ros) by extensions ['colcon_meta']
[1.442s] Level 1:colcon.colcon_core.package_identification:_identify(src/rplidar_ros) by extension 'colcon_meta'
[1.443s] Level 1:colcon.colcon_core.package_identification:_identify(src/rplidar_ros) by extensions ['ros']
[1.443s] Level 1:colcon.colcon_core.package_identification:_identify(src/rplidar_ros) by extension 'ros'
[1.452s] DEBUG:colcon.colcon_core.package_identification:Package 'src/rplidar_ros' with type 'ros.ament_cmake' and name 'rplidar_ros'
[1.452s] Level 1:colcon.colcon_core.package_discovery:discover_packages(recursive) using defaults
[1.452s] Level 1:colcon.colcon_core.package_discovery:discover_packages(ignore) discover
[1.452s] Level 1:colcon.colcon_core.package_discovery:discover_packages(ignore) using defaults
[1.453s] Level 1:colcon.colcon_core.package_discovery:discover_packages(path) discover
[1.453s] Level 1:colcon.colcon_core.package_discovery:discover_packages(path) using defaults
[1.576s] Level 1:colcon.colcon_core.package_discovery:discover_packages(prefix_path) check parameters
[1.577s] Level 1:colcon.colcon_core.package_discovery:discover_packages(prefix_path) discover
[1.594s] DEBUG:colcon.colcon_installed_package_information.package_discovery:Found 22 installed packages in /home/kate/install
[1.604s] DEBUG:colcon.colcon_installed_package_information.package_discovery:Found 272 installed packages in /opt/ros/humble
[1.614s] Level 1:colcon.colcon_core.package_discovery:discover_packages(prefix_path) using defaults
[1.801s] Level 5:colcon.colcon_core.verb:set package 'rplidar_ros' build argument 'cmake_args' from command line to 'None'
[1.801s] Level 5:colcon.colcon_core.verb:set package 'rplidar_ros' build argument 'cmake_target' from command line to 'None'
[1.801s] Level 5:colcon.colcon_core.verb:set package 'rplidar_ros' build argument 'cmake_target_skip_unavailable' from command line to 'False'
[1.802s] Level 5:colcon.colcon_core.verb:set package 'rplidar_ros' build argument 'cmake_clean_cache' from command line to 'False'
[1.802s] Level 5:colcon.colcon_core.verb:set package 'rplidar_ros' build argument 'cmake_clean_first' from command line to 'False'
[1.802s] Level 5:colcon.colcon_core.verb:set package 'rplidar_ros' build argument 'cmake_force_configure' from command line to 'False'
[1.802s] Level 5:colcon.colcon_core.verb:set package 'rplidar_ros' build argument 'ament_cmake_args' from command line to 'None'
[1.802s] Level 5:colcon.colcon_core.verb:set package 'rplidar_ros' build argument 'catkin_cmake_args' from command line to 'None'
[1.802s] Level 5:colcon.colcon_core.verb:set package 'rplidar_ros' build argument 'catkin_skip_building_tests' from command line to 'False'
[1.802s] DEBUG:colcon.colcon_core.verb:Building package 'rplidar_ros' with the following arguments: {'ament_cmake_args': None, 'build_base': '/home/kate/lidar_ws/build/rplidar_ros', 'catkin_cmake_args': None, 'catkin_skip_building_tests': False, 'cmake_args': None, 'cmake_clean_cache': False, 'cmake_clean_first': False, 'cmake_force_configure': False, 'cmake_target': None, 'cmake_target_skip_unavailable': False, 'install_base': '/home/kate/lidar_ws/install/rplidar_ros', 'merge_install': False, 'path': '/home/kate/lidar_ws/src/rplidar_ros', 'symlink_install': False, 'test_result_base': None}
[1.803s] INFO:colcon.colcon_core.executor:Executing jobs using 'parallel' executor
[1.806s] DEBUG:colcon.colcon_parallel_executor.executor.parallel:run_until_complete
[1.807s] INFO:colcon.colcon_ros.task.ament_cmake.build:Building ROS package in '/home/kate/lidar_ws/src/rplidar_ros' with build type 'ament_cmake'
[1.808s] INFO:colcon.colcon_cmake.task.cmake.build:Building CMake package in '/home/kate/lidar_ws/src/rplidar_ros'
[1.817s] INFO:colcon.colcon_core.plugin_system:Skipping extension 'colcon_core.shell.bat': Not used on non-Windows systems
[1.818s] INFO:colcon.colcon_core.shell:Skip shell extension 'powershell' for command environment: Not usable outside of PowerShell
[1.818s] DEBUG:colcon.colcon_core.shell:Skip shell extension 'dsv' for command environment
[1.864s] DEBUG:colcon.colcon_core.event_handler.log_command:Invoking command in '/home/kate/lidar_ws/build/rplidar_ros': CMAKE_PREFIX_PATH=${CMAKE_PREFIX_PATH}:/home/kate/install/launch_testing_examples:/home/kate/install/examples_rclpy_pointcloud_publisher:/home/kate/install/examples_rclpy_minimal_subscriber:/home/kate/install/examples_rclpy_minimal_service:/home/kate/install/examples_rclpy_minimal_publisher:/home/kate/install/examples_rclpy_minimal_client:/home/kate/install/examples_rclpy_minimal_action_server:/home/kate/install/examples_rclpy_minimal_action_client:/home/kate/install/examples_rclpy_guard_conditions:/home/kate/install/examples_rclpy_executors:/opt/ros/humble /usr/bin/cmake /home/kate/lidar_ws/src/rplidar_ros -DCMAKE_INSTALL_PREFIX=/home/kate/lidar_ws/install/rplidar_ros
[10.784s] DEBUG:colcon.colcon_core.event_handler.log_command:Invoked command in '/home/kate/lidar_ws/build/rplidar_ros' returned '0': CMAKE_PREFIX_PATH=${CMAKE_PREFIX_PATH}:/home/kate/install/launch_testing_examples:/home/kate/install/examples_rclpy_pointcloud_publisher:/home/kate/install/examples_rclpy_minimal_subscriber:/home/kate/install/examples_rclpy_minimal_service:/home/kate/install/examples_rclpy_minimal_publisher:/home/kate/install/examples_rclpy_minimal_client:/home/kate/install/examples_rclpy_minimal_action_server:/home/kate/install/examples_rclpy_minimal_action_client:/home/kate/install/examples_rclpy_guard_conditions:/home/kate/install/examples_rclpy_executors:/opt/ros/humble /usr/bin/cmake /home/kate/lidar_ws/src/rplidar_ros -DCMAKE_INSTALL_PREFIX=/home/kate/lidar_ws/install/rplidar_ros
[10.794s] DEBUG:colcon.colcon_core.event_handler.log_command:Invoking command in '/home/kate/lidar_ws/build/rplidar_ros': CMAKE_PREFIX_PATH=${CMAKE_PREFIX_PATH}:/home/kate/install/launch_testing_examples:/home/kate/install/examples_rclpy_pointcloud_publisher:/home/kate/install/examples_rclpy_minimal_subscriber:/home/kate/install/examples_rclpy_minimal_service:/home/kate/install/examples_rclpy_minimal_publisher:/home/kate/install/examples_rclpy_minimal_client:/home/kate/install/examples_rclpy_minimal_action_server:/home/kate/install/examples_rclpy_minimal_action_client:/home/kate/install/examples_rclpy_guard_conditions:/home/kate/install/examples_rclpy_executors:/opt/ros/humble /usr/bin/cmake --build /home/kate/lidar_ws/build/rplidar_ros -- -j4 -l4
[74.130s] DEBUG:colcon.colcon_core.event_handler.log_command:Invoked command in '/home/kate/lidar_ws/build/rplidar_ros' returned '0': CMAKE_PREFIX_PATH=${CMAKE_PREFIX_PATH}:/home/kate/install/launch_testing_examples:/home/kate/install/examples_rclpy_pointcloud_publisher:/home/kate/install/examples_rclpy_minimal_subscriber:/home/kate/install/examples_rclpy_minimal_service:/home/kate/install/examples_rclpy_minimal_publisher:/home/kate/install/examples_rclpy_minimal_client:/home/kate/install/examples_rclpy_minimal_action_server:/home/kate/install/examples_rclpy_minimal_action_client:/home/kate/install/examples_rclpy_guard_conditions:/home/kate/install/examples_rclpy_executors:/opt/ros/humble /usr/bin/cmake --build /home/kate/lidar_ws/build/rplidar_ros -- -j4 -l4
[74.175s] DEBUG:colcon.colcon_core.event_handler.log_command:Invoking command in '/home/kate/lidar_ws/build/rplidar_ros': CMAKE_PREFIX_PATH=${CMAKE_PREFIX_PATH}:/home/kate/install/launch_testing_examples:/home/kate/install/examples_rclpy_pointcloud_publisher:/home/kate/install/examples_rclpy_minimal_subscriber:/home/kate/install/examples_rclpy_minimal_service:/home/kate/install/examples_rclpy_minimal_publisher:/home/kate/install/examples_rclpy_minimal_client:/home/kate/install/examples_rclpy_minimal_action_server:/home/kate/install/examples_rclpy_minimal_action_client:/home/kate/install/examples_rclpy_guard_conditions:/home/kate/install/examples_rclpy_executors:/opt/ros/humble /usr/bin/cmake --install /home/kate/lidar_ws/build/rplidar_ros
[74.315s] Level 1:colcon.colcon_core.environment:create_environment_scripts_only(rplidar_ros)
[74.317s] DEBUG:colcon.colcon_core.event_handler.log_command:Invoked command in '/home/kate/lidar_ws/build/rplidar_ros' returned '0': CMAKE_PREFIX_PATH=${CMAKE_PREFIX_PATH}:/home/kate/install/launch_testing_examples:/home/kate/install/examples_rclpy_pointcloud_publisher:/home/kate/install/examples_rclpy_minimal_subscriber:/home/kate/install/examples_rclpy_minimal_service:/home/kate/install/examples_rclpy_minimal_publisher:/home/kate/install/examples_rclpy_minimal_client:/home/kate/install/examples_rclpy_minimal_action_server:/home/kate/install/examples_rclpy_minimal_action_client:/home/kate/install/examples_rclpy_guard_conditions:/home/kate/install/examples_rclpy_executors:/opt/ros/humble /usr/bin/cmake --install /home/kate/lidar_ws/build/rplidar_ros
[74.343s] Level 1:colcon.colcon_core.environment:checking '/home/kate/lidar_ws/install/rplidar_ros' for CMake module files
[74.347s] Level 1:colcon.colcon_core.environment:checking '/home/kate/lidar_ws/install/rplidar_ros' for CMake config files
[74.348s] Level 1:colcon.colcon_core.shell:create_environment_hook('rplidar_ros', 'cmake_prefix_path')
[74.349s] INFO:colcon.colcon_core.shell:Creating environment hook '/home/kate/lidar_ws/install/rplidar_ros/share/rplidar_ros/hook/cmake_prefix_path.ps1'
[74.352s] INFO:colcon.colcon_core.shell:Creating environment descriptor '/home/kate/lidar_ws/install/rplidar_ros/share/rplidar_ros/hook/cmake_prefix_path.dsv'
[74.354s] INFO:colcon.colcon_core.shell:Creating environment hook '/home/kate/lidar_ws/install/rplidar_ros/share/rplidar_ros/hook/cmake_prefix_path.sh'
[74.358s] Level 1:colcon.colcon_core.environment:checking '/home/kate/lidar_ws/install/rplidar_ros/lib'
[74.359s] Level 1:colcon.colcon_core.environment:checking '/home/kate/lidar_ws/install/rplidar_ros/bin'
[74.359s] Level 1:colcon.colcon_core.environment:checking '/home/kate/lidar_ws/install/rplidar_ros/lib/pkgconfig/rplidar_ros.pc'
[74.360s] Level 1:colcon.colcon_core.environment:checking '/home/kate/lidar_ws/install/rplidar_ros/lib/python3.10/site-packages'
[74.361s] Level 1:colcon.colcon_core.environment:checking '/home/kate/lidar_ws/install/rplidar_ros/bin'
[74.363s] INFO:colcon.colcon_core.shell:Creating package script '/home/kate/lidar_ws/install/rplidar_ros/share/rplidar_ros/package.ps1'
[74.366s] INFO:colcon.colcon_core.shell:Creating package descriptor '/home/kate/lidar_ws/install/rplidar_ros/share/rplidar_ros/package.dsv'
[74.368s] INFO:colcon.colcon_core.shell:Creating package script '/home/kate/lidar_ws/install/rplidar_ros/share/rplidar_ros/package.sh'
[74.371s] INFO:colcon.colcon_core.shell:Creating package script '/home/kate/lidar_ws/install/rplidar_ros/share/rplidar_ros/package.bash'
[74.374s] INFO:colcon.colcon_core.shell:Creating package script '/home/kate/lidar_ws/install/rplidar_ros/share/rplidar_ros/package.zsh'
[74.377s] Level 1:colcon.colcon_core.environment:create_file_with_runtime_dependencies(/home/kate/lidar_ws/install/rplidar_ros/share/colcon-core/packages/rplidar_ros)
[74.380s] Level 1:colcon.colcon_core.environment:create_environment_scripts_only(rplidar_ros)
[74.381s] Level 1:colcon.colcon_core.environment:checking '/home/kate/lidar_ws/install/rplidar_ros' for CMake module files
[74.384s] Level 1:colcon.colcon_core.environment:checking '/home/kate/lidar_ws/install/rplidar_ros' for CMake config files
[74.385s] Level 1:colcon.colcon_core.shell:create_environment_hook('rplidar_ros', 'cmake_prefix_path')
[74.386s] INFO:colcon.colcon_core.shell:Creating environment hook '/home/kate/lidar_ws/install/rplidar_ros/share/rplidar_ros/hook/cmake_prefix_path.ps1'
[74.388s] INFO:colcon.colcon_core.shell:Creating environment descriptor '/home/kate/lidar_ws/install/rplidar_ros/share/rplidar_ros/hook/cmake_prefix_path.dsv'
[74.390s] INFO:colcon.colcon_core.shell:Creating environment hook '/home/kate/lidar_ws/install/rplidar_ros/share/rplidar_ros/hook/cmake_prefix_path.sh'
[74.392s] Level 1:colcon.colcon_core.environment:checking '/home/kate/lidar_ws/install/rplidar_ros/lib'
[74.393s] Level 1:colcon.colcon_core.environment:checking '/home/kate/lidar_ws/install/rplidar_ros/bin'
[74.393s] Level 1:colcon.colcon_core.environment:checking '/home/kate/lidar_ws/install/rplidar_ros/lib/pkgconfig/rplidar_ros.pc'
[74.394s] Level 1:colcon.colcon_core.environment:checking '/home/kate/lidar_ws/install/rplidar_ros/lib/python3.10/site-packages'
[74.395s] Level 1:colcon.colcon_core.environment:checking '/home/kate/lidar_ws/install/rplidar_ros/bin'
[74.396s] INFO:colcon.colcon_core.shell:Creating package script '/home/kate/lidar_ws/install/rplidar_ros/share/rplidar_ros/package.ps1'
[74.398s] INFO:colcon.colcon_core.shell:Creating package descriptor '/home/kate/lidar_ws/install/rplidar_ros/share/rplidar_ros/package.dsv'
[74.401s] INFO:colcon.colcon_core.shell:Creating package script '/home/kate/lidar_ws/install/rplidar_ros/share/rplidar_ros/package.sh'
[74.403s] INFO:colcon.colcon_core.shell:Creating package script '/home/kate/lidar_ws/install/rplidar_ros/share/rplidar_ros/package.bash'
[74.405s] INFO:colcon.colcon_core.shell:Creating package script '/home/kate/lidar_ws/install/rplidar_ros/share/rplidar_ros/package.zsh'
[74.407s] Level 1:colcon.colcon_core.environment:create_file_with_runtime_dependencies(/home/kate/lidar_ws/install/rplidar_ros/share/colcon-core/packages/rplidar_ros)
[74.408s] DEBUG:colcon.colcon_parallel_executor.executor.parallel:closing loop
[74.416s] DEBUG:colcon.colcon_parallel_executor.executor.parallel:loop closed
[74.417s] DEBUG:colcon.colcon_parallel_executor.executor.parallel:run_until_complete finished with '0'
[74.417s] DEBUG:colcon.colcon_core.event_reactor:joining thread
[74.453s] INFO:colcon.colcon_core.plugin_system:Skipping extension 'colcon_notification.desktop_notification.terminal_notifier': Not used on non-Darwin systems
[74.454s] INFO:colcon.colcon_core.plugin_system:Skipping extension 'colcon_notification.desktop_notification.win32': Not used on non-Windows systems
[74.454s] INFO:colcon.colcon_notification.desktop_notification:Sending desktop notification using 'notify2'
[74.474s] DEBUG:colcon.colcon_core.event_reactor:joined thread
[74.475s] INFO:colcon.colcon_core.shell:Creating prefix script '/home/kate/lidar_ws/install/local_setup.ps1'
[74.481s] INFO:colcon.colcon_core.shell:Creating prefix util module '/home/kate/lidar_ws/install/_local_setup_util_ps1.py'
[74.492s] INFO:colcon.colcon_core.shell:Creating prefix chain script '/home/kate/lidar_ws/install/setup.ps1'
[74.505s] INFO:colcon.colcon_core.shell:Creating prefix script '/home/kate/lidar_ws/install/local_setup.sh'
[74.508s] INFO:colcon.colcon_core.shell:Creating prefix util module '/home/kate/lidar_ws/install/_local_setup_util_sh.py'
[74.510s] INFO:colcon.colcon_core.shell:Creating prefix chain script '/home/kate/lidar_ws/install/setup.sh'
[74.527s] INFO:colcon.colcon_core.shell:Creating prefix script '/home/kate/lidar_ws/install/local_setup.bash'
[74.529s] INFO:colcon.colcon_core.shell:Creating prefix chain script '/home/kate/lidar_ws/install/setup.bash'
[74.540s] INFO:colcon.colcon_core.shell:Creating prefix script '/home/kate/lidar_ws/install/local_setup.zsh'
[74.543s] INFO:colcon.colcon_core.shell:Creating prefix chain script '/home/kate/lidar_ws/install/setup.zsh'
