[0.079s] Invoking command in '/home/kate/lidar_ws/build/rplidar_ros': CMAKE_PREFIX_PATH=${CMAKE_PREFIX_PATH}:/home/kate/install/launch_testing_examples:/home/kate/install/examples_rclpy_pointcloud_publisher:/home/kate/install/examples_rclpy_minimal_subscriber:/home/kate/install/examples_rclpy_minimal_service:/home/kate/install/examples_rclpy_minimal_publisher:/home/kate/install/examples_rclpy_minimal_client:/home/kate/install/examples_rclpy_minimal_action_server:/home/kate/install/examples_rclpy_minimal_action_client:/home/kate/install/examples_rclpy_guard_conditions:/home/kate/install/examples_rclpy_executors:/opt/ros/humble /usr/bin/cmake --build /home/kate/lidar_ws/build/rplidar_ros -- -j4 -l4
[0.610s] [35m[1mConsolidate compiler generated dependencies of target rplidar_client[0m
[0.646s] [35m[1mConsolidate compiler generated dependencies of target rplidar_node[0m
[0.648s] [35m[1mConsolidate compiler generated dependencies of target rplidar_composition[0m
[0.827s] [  5%] Built target rplidar_client
[0.840s] [ 52%] Built target rplidar_composition
[0.842s] [100%] Built target rplidar_node
[0.889s] Invoked command in '/home/kate/lidar_ws/build/rplidar_ros' returned '0': CMAKE_PREFIX_PATH=${CMAKE_PREFIX_PATH}:/home/kate/install/launch_testing_examples:/home/kate/install/examples_rclpy_pointcloud_publisher:/home/kate/install/examples_rclpy_minimal_subscriber:/home/kate/install/examples_rclpy_minimal_service:/home/kate/install/examples_rclpy_minimal_publisher:/home/kate/install/examples_rclpy_minimal_client:/home/kate/install/examples_rclpy_minimal_action_server:/home/kate/install/examples_rclpy_minimal_action_client:/home/kate/install/examples_rclpy_guard_conditions:/home/kate/install/examples_rclpy_executors:/opt/ros/humble /usr/bin/cmake --build /home/kate/lidar_ws/build/rplidar_ros -- -j4 -l4
[0.937s] Invoking command in '/home/kate/lidar_ws/build/rplidar_ros': CMAKE_PREFIX_PATH=${CMAKE_PREFIX_PATH}:/home/kate/install/launch_testing_examples:/home/kate/install/examples_rclpy_pointcloud_publisher:/home/kate/install/examples_rclpy_minimal_subscriber:/home/kate/install/examples_rclpy_minimal_service:/home/kate/install/examples_rclpy_minimal_publisher:/home/kate/install/examples_rclpy_minimal_client:/home/kate/install/examples_rclpy_minimal_action_server:/home/kate/install/examples_rclpy_minimal_action_client:/home/kate/install/examples_rclpy_guard_conditions:/home/kate/install/examples_rclpy_executors:/opt/ros/humble /usr/bin/cmake --install /home/kate/lidar_ws/build/rplidar_ros
[0.971s] -- Install configuration: ""
[0.974s] -- Up-to-date: /home/kate/lidar_ws/install/rplidar_ros/share/rplidar_ros/launch
[0.975s] -- Up-to-date: /home/kate/lidar_ws/install/rplidar_ros/share/rplidar_ros/launch/view_rplidar_s2e_launch.py
[0.975s] -- Up-to-date: /home/kate/lidar_ws/install/rplidar_ros/share/rplidar_ros/launch/view_rplidar_s1_launch.py
[0.976s] -- Up-to-date: /home/kate/lidar_ws/install/rplidar_ros/share/rplidar_ros/launch/rplidar_a1_launch.py
[0.976s] -- Up-to-date: /home/kate/lidar_ws/install/rplidar_ros/share/rplidar_ros/launch/rplidar_a2m8_launch.py
[0.977s] -- Up-to-date: /home/kate/lidar_ws/install/rplidar_ros/share/rplidar_ros/launch/rplidar_c1_launch.py
[0.977s] -- Up-to-date: /home/kate/lidar_ws/install/rplidar_ros/share/rplidar_ros/launch/view_rplidar_a1_launch.py
[0.978s] -- Up-to-date: /home/kate/lidar_ws/install/rplidar_ros/share/rplidar_ros/launch/rplidar_s1_launch.py
[0.978s] -- Up-to-date: /home/kate/lidar_ws/install/rplidar_ros/share/rplidar_ros/launch/view_rplidar_s2_launch.py
[0.979s] -- Up-to-date: /home/kate/lidar_ws/install/rplidar_ros/share/rplidar_ros/launch/view_rplidar_a3_launch.py
[0.979s] -- Up-to-date: /home/kate/lidar_ws/install/rplidar_ros/share/rplidar_ros/launch/view_rplidar_s3_launch.py
[0.980s] -- Up-to-date: /home/kate/lidar_ws/install/rplidar_ros/share/rplidar_ros/launch/view_rplidar_c1_launch.py
[0.980s] -- Up-to-date: /home/kate/lidar_ws/install/rplidar_ros/share/rplidar_ros/launch/rplidar_s3_launch.py
[0.980s] -- Up-to-date: /home/kate/lidar_ws/install/rplidar_ros/share/rplidar_ros/launch/rplidar_s1_tcp_launch.py
[0.981s] -- Up-to-date: /home/kate/lidar_ws/install/rplidar_ros/share/rplidar_ros/launch/rplidar_s2e_launch.py
[0.981s] -- Up-to-date: /home/kate/lidar_ws/install/rplidar_ros/share/rplidar_ros/launch/rplidar_s2_launch.py
[0.982s] -- Up-to-date: /home/kate/lidar_ws/install/rplidar_ros/share/rplidar_ros/launch/view_rplidar_a2m12_launch.py
[0.982s] -- Up-to-date: /home/kate/lidar_ws/install/rplidar_ros/share/rplidar_ros/launch/rplidar_a2m7_launch.py
[0.983s] -- Up-to-date: /home/kate/lidar_ws/install/rplidar_ros/share/rplidar_ros/launch/view_rplidar_a2m7_launch.py
[0.983s] -- Up-to-date: /home/kate/lidar_ws/install/rplidar_ros/share/rplidar_ros/launch/view_rplidar_t1_launch.py
[0.984s] -- Up-to-date: /home/kate/lidar_ws/install/rplidar_ros/share/rplidar_ros/launch/rplidar_a2m12_launch.py
[0.984s] -- Up-to-date: /home/kate/lidar_ws/install/rplidar_ros/share/rplidar_ros/launch/view_rplidar_a2m8_launch.py
[0.984s] -- Up-to-date: /home/kate/lidar_ws/install/rplidar_ros/share/rplidar_ros/launch/rplidar_a3_launch.py
[0.985s] -- Up-to-date: /home/kate/lidar_ws/install/rplidar_ros/share/rplidar_ros/launch/view_rplidar_s1_tcp_launch.py
[0.985s] -- Up-to-date: /home/kate/lidar_ws/install/rplidar_ros/share/rplidar_ros/launch/rplidar_t1_launch.py
[0.986s] -- Up-to-date: /home/kate/lidar_ws/install/rplidar_ros/share/rplidar_ros/rviz
[0.986s] -- Up-to-date: /home/kate/lidar_ws/install/rplidar_ros/share/rplidar_ros/rviz/rplidar_ros.rviz
[0.988s] -- Up-to-date: /home/kate/lidar_ws/install/rplidar_ros/lib/rplidar_ros/rplidar_node
[0.992s] -- Up-to-date: /home/kate/lidar_ws/install/rplidar_ros/lib/rplidar_ros/rplidar_composition
[0.997s] -- Up-to-date: /home/kate/lidar_ws/install/rplidar_ros/lib/rplidar_ros/rplidar_client
[0.999s] -- Up-to-date: /home/kate/lidar_ws/install/rplidar_ros/share/ament_index/resource_index/package_run_dependencies/rplidar_ros
[1.000s] -- Up-to-date: /home/kate/lidar_ws/install/rplidar_ros/share/ament_index/resource_index/parent_prefix_path/rplidar_ros
[1.001s] -- Up-to-date: /home/kate/lidar_ws/install/rplidar_ros/share/rplidar_ros/environment/ament_prefix_path.sh
[1.002s] -- Up-to-date: /home/kate/lidar_ws/install/rplidar_ros/share/rplidar_ros/environment/ament_prefix_path.dsv
[1.002s] -- Up-to-date: /home/kate/lidar_ws/install/rplidar_ros/share/rplidar_ros/environment/path.sh
[1.003s] -- Up-to-date: /home/kate/lidar_ws/install/rplidar_ros/share/rplidar_ros/environment/path.dsv
[1.004s] -- Up-to-date: /home/kate/lidar_ws/install/rplidar_ros/share/rplidar_ros/local_setup.bash
[1.005s] -- Up-to-date: /home/kate/lidar_ws/install/rplidar_ros/share/rplidar_ros/local_setup.sh
[1.005s] -- Up-to-date: /home/kate/lidar_ws/install/rplidar_ros/share/rplidar_ros/local_setup.zsh
[1.006s] -- Up-to-date: /home/kate/lidar_ws/install/rplidar_ros/share/rplidar_ros/local_setup.dsv
[1.006s] -- Installing: /home/kate/lidar_ws/install/rplidar_ros/share/rplidar_ros/package.dsv
[1.007s] -- Up-to-date: /home/kate/lidar_ws/install/rplidar_ros/share/ament_index/resource_index/packages/rplidar_ros
[1.008s] -- Up-to-date: /home/kate/lidar_ws/install/rplidar_ros/share/rplidar_ros/cmake/ament_cmake_export_dependencies-extras.cmake
[1.009s] -- Up-to-date: /home/kate/lidar_ws/install/rplidar_ros/share/rplidar_ros/cmake/ament_cmake_export_include_directories-extras.cmake
[1.009s] -- Up-to-date: /home/kate/lidar_ws/install/rplidar_ros/share/rplidar_ros/cmake/rplidar_rosConfig.cmake
[1.010s] -- Up-to-date: /home/kate/lidar_ws/install/rplidar_ros/share/rplidar_ros/cmake/rplidar_rosConfig-version.cmake
[1.010s] -- Up-to-date: /home/kate/lidar_ws/install/rplidar_ros/share/rplidar_ros/package.xml
[1.021s] Invoked command in '/home/kate/lidar_ws/build/rplidar_ros' returned '0': CMAKE_PREFIX_PATH=${CMAKE_PREFIX_PATH}:/home/kate/install/launch_testing_examples:/home/kate/install/examples_rclpy_pointcloud_publisher:/home/kate/install/examples_rclpy_minimal_subscriber:/home/kate/install/examples_rclpy_minimal_service:/home/kate/install/examples_rclpy_minimal_publisher:/home/kate/install/examples_rclpy_minimal_client:/home/kate/install/examples_rclpy_minimal_action_server:/home/kate/install/examples_rclpy_minimal_action_client:/home/kate/install/examples_rclpy_guard_conditions:/home/kate/install/examples_rclpy_executors:/opt/ros/humble /usr/bin/cmake --install /home/kate/lidar_ws/build/rplidar_ros
